<?xml version="1.0" encoding="UTF-8"?>
<testsuite xmlns:xsi="http://www.w3.org/2001/XMLSchema-instance" xsi:noNamespaceSchemaLocation="https://maven.apache.org/surefire/maven-surefire-plugin/xsd/surefire-test-report-3.0.xsd" version="3.0" name="com.ust_cicd_app.UstCicdAppApplicationTests" time="4.229" tests="1" errors="0" skipped="0" failures="0">
  <properties>
[...]
</properties>
  <testcase name="contextLoads" classname="com.ust_cicd_app.UstCicdAppApplicationTests" time="1.361">
    <system-out><![CDATA[12:59:24.330 [main] INFO org.springframework.test.context.support.AnnotationConfigContextLoaderUtils -- Could not detect default configuration classes for test class [com.ust_cicd_app.UstCicdAppApplicationTests]: UstCicdAppApplicationTests does not declare any static, non-private, non-final, nested classes annotated with @Configuration.
12:59:24.525 [main] INFO org.springframework.boot.test.context.SpringBootTestContextBootstrapper -- Found @SpringBootConfiguration com.ust_cicd_app.UstCicdAppApplication for test class com.ust_cicd_app.UstCicdAppApplicationTests

  .   ____          _            __ _ _
 /\\ / ___'_ __ _ _(_)_ __  __ _ \ \ \ \
( ( )\___ | '_ | '_| | '_ \/ _` | \ \ \ \
 \\/  ___)| |_)| | | | | || (_| |  ) ) ) )
  '  |____| .__|_| |_|_| |_\__, | / / / /
 =========|_|==============|___/=/_/_/_/

 :: Spring Boot ::                (v3.3.2)

2024-10-25T12:59:25.235+05:30  INFO 40228 --- [ust-cicd-app] [           main] c.u.UstCicdAppApplicationTests           : Starting UstCicdAppApplicationTests using Java 21.0.2 with PID 40228 (started by 286111 in C:\Users\286111\Documents\cicd)
2024-10-25T12:59:25.247+05:30  INFO 40228 --- [ust-cicd-app] [           main] c.u.UstCicdAppApplicationTests           : No active profile set, falling back to 1 default profile: "default"
2024-10-25T12:59:26.881+05:30  INFO 40228 --- [ust-cicd-app] [           main] c.u.UstCicdAppApplicationTests           : Started UstCicdAppApplicationTests in 2.124 seconds (process running for 3.617)
]]></system-out>
    <system-err><![CDATA[WARNING: A Java agent has been loaded dynamically (C:\Users\286111\.m2\repository\net\bytebuddy\byte-buddy-agent\1.14.18\byte-buddy-agent-1.14.18.jar)
WARNING: If a serviceability tool is in use, please run with -XX:+EnableDynamicAgentLoading to hide this warning
WARNING: If a serviceability tool is not in use, please run with -Djdk.instrument.traceUsage for more information
WARNING: Dynamic loading of agents will be disallowed by default in a future release
]]></system-err>
  </testcase>
</testsuite>